<?xml version="1.0" encoding="UTF-8"?>
<testng-results skipped="0" failed="0" total="1" passed="1">
  <reporter-output>
  </reporter-output>
  <suite name="Suite" duration-ms="16272" started-at="2018-10-17T18:10:44Z" finished-at="2018-10-17T18:11:00Z">
    <groups>
    </groups>
    <test name="Test" duration-ms="16272" started-at="2018-10-17T18:10:44Z" finished-at="2018-10-17T18:11:00Z">
      <class name="sample.NewTest">
        <test-method status="PASS" signature="beforeTest()[pri:0, instance:sample.NewTest@27f674d]" name="beforeTest" is-config="true" duration-ms="5491" started-at="2018-10-17T14:10:44Z" finished-at="2018-10-17T14:10:49Z">
          <reporter-output>
          </reporter-output>
        </test-method> <!-- beforeTest -->
        <test-method status="PASS" signature="testEasy()[pri:0, instance:sample.NewTest@27f674d]" name="testEasy" duration-ms="9322" started-at="2018-10-17T14:10:49Z" finished-at="2018-10-17T14:10:59Z">
          <reporter-output>
          </reporter-output>
        </test-method> <!-- testEasy -->
        <test-method status="PASS" signature="afterTest()[pri:0, instance:sample.NewTest@27f674d]" name="afterTest" is-config="true" duration-ms="1433" started-at="2018-10-17T14:10:59Z" finished-at="2018-10-17T14:11:00Z">
          <reporter-output>
          </reporter-output>
        </test-method> <!-- afterTest -->
      </class> <!-- sample.NewTest -->
    </test> <!-- Test -->
  </suite> <!-- Suite -->
</testng-results>
