<?xml version="1.0" encoding="UTF-8"?>
<testng-results skipped="0" failed="0" total="1" passed="1">
  <reporter-output>
  </reporter-output>
  <suite name="Suite" duration-ms="10806" started-at="2018-10-17T15:03:45Z" finished-at="2018-10-17T15:03:56Z">
    <groups>
    </groups>
    <test name="Test" duration-ms="10806" started-at="2018-10-17T15:03:45Z" finished-at="2018-10-17T15:03:56Z">
      <class name="sample.NewTest">
        <test-method status="PASS" signature="beforeTest()[pri:0, instance:sample.NewTest@39aeed2f]" name="beforeTest" is-config="true" duration-ms="4356" started-at="2018-10-17T11:03:45Z" finished-at="2018-10-17T11:03:49Z">
          <reporter-output>
          </reporter-output>
        </test-method> <!-- beforeTest -->
        <test-method status="PASS" signature="testEasy()[pri:0, instance:sample.NewTest@39aeed2f]" name="testEasy" duration-ms="5047" started-at="2018-10-17T11:03:49Z" finished-at="2018-10-17T11:03:54Z">
          <reporter-output>
          </reporter-output>
        </test-method> <!-- testEasy -->
        <test-method status="PASS" signature="afterTest()[pri:0, instance:sample.NewTest@39aeed2f]" name="afterTest" is-config="true" duration-ms="1380" started-at="2018-10-17T11:03:54Z" finished-at="2018-10-17T11:03:56Z">
          <reporter-output>
          </reporter-output>
        </test-method> <!-- afterTest -->
      </class> <!-- sample.NewTest -->
    </test> <!-- Test -->
  </suite> <!-- Suite -->
</testng-results>
